<?xml version="1.0" encoding="UTF-8"?>
<!-- Generated by org.testng.reporters.JUnitReportReporter -->
<testsuite hostname="Santi-laptop" name="com.google.tests.WaitTestsWD" tests="6" failures="0" timestamp="20 Jul 2016 18:48:03 GMT" time="29.909" errors="0">
  <testcase name="loadJquerySite" time="8.188" classname="com.google.tests.WaitTestsWD"/>
  <testcase name="fluentWaitIgnoringSingleException" time="2.270" classname="com.google.tests.WaitTestsWD"/>
  <testcase name="fluentWaitIgnoringMultipleExceptions" time="2.119" classname="com.google.tests.WaitTestsWD"/>
  <testcase name="fluentWaitIgnoringAListOfExceptions" time="2.335" classname="com.google.tests.WaitTestsWD"/>
  <testcase name="loadAngularJSSite" time="2.970" classname="com.google.tests.WaitTestsWD"/>
  <testcase name="fluentWaitIgnoringACollectionOfExceptions" time="12.027" classname="com.google.tests.WaitTestsWD"/>
</testsuite> <!-- com.google.tests.WaitTestsWD -->
