<?xml version="1.0" encoding="UTF-8"?>
<!-- Generated by org.testng.reporters.JUnitReportReporter -->
<testsuite hostname="Santi-laptop" name="com.google.BasicTestWD" tests="6" failures="0" timestamp="19 Jul 2016 12:32:58 GMT" time="32.201" errors="0">
  <testcase name="googleCraftBeerExample" time="3.718" classname="com.google.BasicTestWD"/>
  <testcase name="googlePuntaDelDiabloExample" time="2.401" classname="com.google.BasicTestWD"/>
  <testcase name="googleCampeonExample" time="19.709" classname="com.google.BasicTestWD"/>
  <testcase name="googleIndianFoodExample" time="1.930" classname="com.google.BasicTestWD"/>
  <testcase name="googlePenarolExample" time="2.709" classname="com.google.BasicTestWD"/>
  <testcase name="googlePuntaDelEsteExample" time="1.734" classname="com.google.BasicTestWD"/>
</testsuite> <!-- com.google.BasicTestWD -->
