<?xml version="1.0" encoding="UTF-8"?>
<!-- Generated by org.testng.reporters.JUnitReportReporter -->
<testsuite hostname="Santi-laptop" name="com.google.tests.NewsTestWD" tests="7" failures="0" timestamp="20 Jul 2016 18:48:03 GMT" time="73.818" errors="0">
  <testcase name="googleIndianFoodExample" time="2.893" classname="com.google.tests.NewsTestWD"/>
  <testcase name="googlePuntaDelEsteExample" time="3.540" classname="com.google.tests.NewsTestWD"/>
  <testcase name="googlePenarolExample" time="3.791" classname="com.google.tests.NewsTestWD"/>
  <testcase name="googlePuntaDelDiabloExample" time="3.346" classname="com.google.tests.NewsTestWD"/>
  <testcase name="goToTheNewsPage" time="51.304" classname="com.google.tests.NewsTestWD"/>
  <testcase name="googleCampeonExample" time="6.230" classname="com.google.tests.NewsTestWD"/>
  <testcase name="googleCraftBeerExample" time="2.714" classname="com.google.tests.NewsTestWD"/>
</testsuite> <!-- com.google.tests.NewsTestWD -->
